\BOOKMARK [0][-]{chapter.1}{Zahlungsstr\366me, Versicherungs-, Finanzmarktprodukte und M\344rkte}{}% 1
\BOOKMARK [1][-]{section.1.1}{Zahlungsstrommodelle und Wertentwicklungen}{chapter.1}% 2
\BOOKMARK [2][-]{subsection.1.1.1}{Informationsfiltration und adaptierte stochastische Prozesse}{section.1.1}% 3
\BOOKMARK [1][-]{section.1.2}{Charakterisierung von Finanztiteln}{chapter.1}% 4
\BOOKMARK [2][-]{subsection.1.2.1}{Zinstitel}{section.1.2}% 5
\BOOKMARK [1][-]{section.1.3}{Aktien}{chapter.1}% 6
\BOOKMARK [1][-]{section.1.4}{Immobilien}{chapter.1}% 7
\BOOKMARK [1][-]{section.1.5}{Derivate}{chapter.1}% 8
\BOOKMARK [2][-]{subsection.1.5.1}{Optionskontrakte}{section.1.5}% 9
\BOOKMARK [0][-]{chapter.2}{Grundkonzepte zur Bewertung}{}% 10
\BOOKMARK [1][-]{section.2.1}{Bewertung von Zahlungsstr\366men}{chapter.2}% 11
\BOOKMARK [2][-]{subsection.2.1.1}{Bewertung finanzieller Zahlungsstr\366me - Grundkonzepte im \334berblick}{section.2.1}% 12
\BOOKMARK [2][-]{subsection.2.1.2}{Bewertung von Zahlungsstr\366men: Finanz- vs. Versicherungsmathematik}{section.2.1}% 13
\BOOKMARK [1][-]{section.2.2}{Effiziente M\344rkte}{chapter.2}% 14
\BOOKMARK [1][-]{section.2.3}{Grundprinzipien der Finanzmathematik: Einperiodenmodelle}{chapter.2}% 15
\BOOKMARK [2][-]{subsection.2.3.1}{Finanzmarktmodelle und Abwesenheit von Arbitrage}{section.2.3}% 16
\BOOKMARK [2][-]{subsection.2.3.2}{Risikoneutrale Bewertung von Finanzderivaten }{section.2.3}% 17
\BOOKMARK [2][-]{subsection.2.3.3}{Vollst\344ndige und unvollst\344ndige Finanzmarktmodelle}{section.2.3}% 18
\BOOKMARK [1][-]{section.2.4}{Risikoneutrale Bewertung in Mehrperiodenmodellen}{chapter.2}% 19
\BOOKMARK [2][-]{subsection.2.4.1}{Grundbegriffe und -prinzipien in Mehrperiodenmodellen }{section.2.4}% 20
\BOOKMARK [1][-]{section.2.5}{Grundlagen der Zinstheorie}{chapter.2}% 21
\BOOKMARK [2][-]{subsection.2.5.1}{Arten der Versinsung}{section.2.5}% 22
\BOOKMARK [2][-]{subsection.2.5.2}{Barwerte und Endwerte}{section.2.5}% 23
\BOOKMARK [2][-]{subsection.2.5.3}{Allgemeine Zinsstrukturkurven}{section.2.5}% 24
\BOOKMARK [1][-]{section.2.6}{Zinsprodukte}{chapter.2}% 25
\BOOKMARK [2][-]{subsection.2.6.1}{Einfache Zinsprodukte}{section.2.6}% 26
\BOOKMARK [2][-]{subsection.2.6.2}{Analyse des Zins\344nderungsrisikos: Duration und Konvexit\344t}{section.2.6}% 27
\BOOKMARK [2][-]{subsection.2.6.3}{Komplexere Zinsprodukte}{section.2.6}% 28
\BOOKMARK [1][-]{section.2.7}{Risikoneutrale Bewertung von Aktienderivaten in Binomialb\344umen}{chapter.2}% 29
\BOOKMARK [2][-]{subsection.2.7.1}{Klassische Aktienderivate}{section.2.7}% 30
\BOOKMARK [0][-]{chapter.3}{Risiko und Risikoma\337e}{}% 31
\BOOKMARK [1][-]{section.3.1}{Risiko und Knightian Uncertainty}{chapter.3}% 32
\BOOKMARK [1][-]{section.3.2}{Streuungsma\337e und Risikoma\337e des Downside Risk}{chapter.3}% 33
\BOOKMARK [1][-]{section.3.3}{Axiomatische Theorie der Risikoma\337e}{chapter.3}% 34
\BOOKMARK [2][-]{subsection.3.3.1}{Risikoma\337e, Akzeptanzmenge und robuste Darstellung}{section.3.3}% 35
\BOOKMARK [2][-]{subsection.3.3.2}{Tail Value ar Risk}{section.3.3}% 36
\BOOKMARK [2][-]{subsection.3.3.3}{Berechnung des erforderlichen Risikokapitals mit Risikoma\337en}{section.3.3}% 37
\BOOKMARK [2][-]{subsection.3.3.4}{Risikomessung unter SII}{section.3.3}% 38
\BOOKMARK [0][-]{chapter.4}{Portfoliooptimierung}{}% 39
\BOOKMARK [1][-]{section.4.1}{Nutzenoptimierung}{chapter.4}% 40
\BOOKMARK [2][-]{subsection.4.1.1}{Nutzenbasierte Portfoliooptimierung}{section.4.1}% 41
\BOOKMARK [1][-]{section.4.2}{Portfoliotheorie nach Markowitz}{chapter.4}% 42
\BOOKMARK [2][-]{subsection.4.2.1}{Grundlagen}{section.4.2}% 43
\BOOKMARK [2][-]{subsection.4.2.2}{Effiziente Portfolios}{section.4.2}% 44
\BOOKMARK [2][-]{subsection.4.2.3}{Portfolioselektion}{section.4.2}% 45
\BOOKMARK [2][-]{subsection.4.2.4}{Probleme des Markowitz-Ansatzes}{section.4.2}% 46
\BOOKMARK [1][-]{section.4.3}{Alternative Ans\344tze der Portfoliooptimierung}{chapter.4}% 47
\BOOKMARK [1][-]{section.4.4}{Asset Pricing}{chapter.4}% 48
\BOOKMARK [2][-]{subsection.4.4.1}{Portfoliotheorie mit sicherer Anlage}{section.4.4}% 49
\BOOKMARK [2][-]{subsection.4.4.2}{Capital Asset Pricing Model}{section.4.4}% 50
